<?xml version="1.0" encoding="UTF-8"?>
<!-- Generated by org.testng.reporters.JUnitReportReporter -->
<testsuite hostname="Best-Komp" failures="0" tests="3" name="com.automation.testcases.CartPageTest" time="0.010" errors="0" timestamp="2023-05-10T22:33:49 ALMT" skipped="0">
  <testcase classname="com.automation.testcases.CartPageTest" name="verifyUserCanAddProductToCart" time="0.000"/>
  <system-out/>
  <testcase classname="com.automation.testcases.CartPageTest" name="verifyUserCanChangeQuantityOfItem" time="0.010"/>
  <system-out/>
  <testcase classname="com.automation.testcases.CartPageTest" name="verifyUserCanRemoveItemFromCart" time="0.000"/>
  <system-out/>
</testsuite> <!-- com.automation.testcases.CartPageTest -->
