<?xml version="1.0" encoding="UTF-8"?>
<!-- Generated by org.testng.reporters.JUnitReportReporter -->
<testsuite hostname="Best-Komp" failures="0" tests="3" name="com.automation.testcases.SearchFunctionalityTest" time="0.008" errors="0" timestamp="2023-05-10T22:33:49 ALMT" skipped="0">
  <testcase classname="com.automation.testcases.SearchFunctionalityTest" name="verifyMessageWhenTheraAreNoResult" time="0.002"/>
  <system-out/>
  <testcase classname="com.automation.testcases.SearchFunctionalityTest" name="verifySearchResultsAreDisplayed" time="0.005"/>
  <system-out/>
  <testcase classname="com.automation.testcases.SearchFunctionalityTest" name="verifySearchResultHasSearchKeyWord" time="0.001"/>
  <system-out/>
</testsuite> <!-- com.automation.testcases.SearchFunctionalityTest -->
