<?xml version="1.0" encoding="UTF-8"?>
<!-- Generated by org.testng.reporters.JUnitReportReporter -->
<testsuite hostname="Best-Komp" failures="0" tests="3" name="com.automation.testcases.LoginTest" time="0.008" errors="0" timestamp="2023-05-10T22:33:49 ALMT" skipped="0">
  <testcase classname="com.automation.testcases.LoginTest" name="verifyUserCanResetLogin" time="0.003"/>
  <system-out/>
  <testcase classname="com.automation.testcases.LoginTest" name="verifyUserCanNotWithInvalidCredetionalsLogin" time="0.002"/>
  <system-out/>
  <testcase classname="com.automation.testcases.LoginTest" name="verifyUserCanLogin" time="0.003"/>
  <system-out/>
</testsuite> <!-- com.automation.testcases.LoginTest -->
