<?xml version="1.0" encoding="UTF-8"?>
<!-- Generated by org.testng.reporters.JUnitReportReporter -->
<testsuite hostname="Best-Komp" failures="0" tests="5" name="com.automation.testcases.ExamplePriorityAndDependencyTest" time="0.010" errors="0" timestamp="2023-05-10T20:29:59 ALMT" skipped="0">
  <testcase classname="com.automation.testcases.ExamplePriorityAndDependencyTest" name="test5" time="0.001"/>
  <system-out/>
  <testcase classname="com.automation.testcases.ExamplePriorityAndDependencyTest" name="test3" time="0.006"/>
  <system-out/>
  <testcase classname="com.automation.testcases.ExamplePriorityAndDependencyTest" name="test1" time="0.001"/>
  <system-out/>
  <testcase classname="com.automation.testcases.ExamplePriorityAndDependencyTest" name="test4" time="0.001"/>
  <system-out/>
  <testcase classname="com.automation.testcases.ExamplePriorityAndDependencyTest" name="test2" time="0.001"/>
  <system-out/>
</testsuite> <!-- com.automation.testcases.ExamplePriorityAndDependencyTest -->
